+l
14	        printf("Please enter positive base!");
15	    }
16	    if(height<0){
17	        printf("Please enter positive height!");
18	    }
19	    printf("Area of the triangle with base %.2f and height %.2f is %.2f", base, height, area);
20	}
21	int main(){
22	    float base, height, area;
23	    input(&base, &height);
+l
24	    find_area(base, height, &area);
25	    output(base, height, area);
26	    return 0;
27	}+l
Line number 28 out of range; c:\Users\AMAN ARIF\Desktop\FPC Advance\fpc-advanced-classroom-1st-year-assignment-Fiza-A-3\set02\problem01.c has 27 lines.
+b main
Breakpoint 1 at 0x401539: file c:\Users\AMAN ARIF\Desktop\FPC Advance\fpc-advanced-classroom-1st-year-assignment-Fiza-A-3\set02\problem01.c, line 23.
+r
Starting program: c:\Users\AMAN ARIF\Desktop\FPC Advance\fpc-advanced-classroom-1st-year-assignment-Fiza-A-3\set02/./problem01.exe 
[New Thread 2884.0x7888]
[New Thread 2884.0x72ac]
[New Thread 2884.0x4144]
[New Thread 2884.0x5064]

Breakpoint 1, main () at c:\Users\AMAN ARIF\Desktop\FPC Advance\fpc-advanced-classroom-1st-year-assignment-Fiza-A-3\set02\problem01.c:23
23	    input(&base, &height);
+q
A debugging session is active.

	Inferior 1 [process 2884] will be killed.

Quit anyway? (y or n) error return ../../gdb-7.6.1/gdb/windows-nat.c:1275 was 5
