+l
No symbol table is loaded.  Use the "file" command.
+q
+cd "c:\Users\AMAN ARIF\Desktop\FPC Advance\fpc-advanced-classroom-1st-year-assignment-Fiza-A-3\set02"
"c:\Users\AMAN ARIF\Desktop\FPC Advance\fpc-advanced-classroom-1st-year-assignment-Fiza-A-3\set02": Invalid argument.
+gdb ./problem04
Undefined command: "gdb".  Try "help".
+c
The program is not being run.
+set logging file problem04_debug.log
+set logging enabled on
Undefined set logging command: "enabled on".  Try "help set logging".
+set logging on
Already logging to problem04_debug.log.
+set trace-commands on
+l
No symbol table is loaded.  Use the "file" command.
+cd "c:\Users\AMAN ARIF\Desktop\FPC Advance\fpc-advanced-classroom-1st-year-assignment-Fiza-A-3\set02"
"c:\Users\AMAN ARIF\Desktop\FPC Advance\fpc-advanced-classroom-1st-year-assignment-Fiza-A-3\set02": Invalid argument.
+gcc -g "c:\Users\AMAN ARIF\Desktop\FPC Advance\fpc-advanced-classroom-1st-year-assignment-Fiza-A-3\set02\problem05.c" -o "c:\Users\AMAN ARIF\Desktop\FPC Advance\fpc-advanced-classroom-1st-year-assignment-Fiza-A-3\set02\problem05.exe" 2>&1
Undefined command: "gcc".  Try "help".
+"c:\Users\AMAN ARIF\Desktop\FPC Advance\fpc-advanced-classroom-1st-year-assignment-Fiza-A-3\set02\problem05.exe"
Undefined command: "".  Try "help".
+cd "c:\Users\AMAN ARIF\Desktop\FPC Advance\fpc-advanced-classroom-1st-year-assignment-Fiza-A-3\set02"
"c:\Users\AMAN ARIF\Desktop\FPC Advance\fpc-advanced-classroom-1st-year-assignment-Fiza-A-3\set02": Invalid argument.
+gdb ./problem05
Undefined command: "gdb".  Try "help".
+c
The program is not being run.
+set logging file problem05_debug.log
+set logging enabled on
Undefined set logging command: "enabled on".  Try "help set logging".
+set logging on
Already logging to problem04_debug.log.
+set trace-commands on
+q
