+l
31	    if(result==1){
32	        printf("%d is a prime number\n",n);
33	    }
34	    else if(result==0){
35	        printf("%d is not a prime number\n",n);
36	    }
37	}
38	int main(){
39	    int n, result;
40	    n=input_number();
+l
41	    result=is_prime(n);
42	    output(n,result);
43	    return 0;
44	}+l
Line number 45 out of range; c:\Users\AMAN ARIF\Desktop\FPC Advance\fpc-advanced-classroom-1st-year-assignment-Fiza-A-3\set03\problem03.c has 44 lines.
+l
Line number 45 out of range; c:\Users\AMAN ARIF\Desktop\FPC Advance\fpc-advanced-classroom-1st-year-assignment-Fiza-A-3\set03\problem03.c has 44 lines.
+q
